2014-11-11 03:16:36 INFO  UserController:47 - In showLoginPage function
2014-11-11 03:16:42 INFO  UserController:62 - In doLogin function
2014-11-11 03:25:05 INFO  UserController:47 - In showLoginPage function
2014-11-11 03:25:13 INFO  UserController:62 - In doLogin function
2014-11-15 02:14:18 INFO  UserController:46 - In showLoginPage function
2014-11-15 02:14:35 INFO  UserController:56 - In doLogin function
2014-11-15 02:15:07 INFO  BlogDao:38 - addNewBlog : Inserting new blog for User : kodomful
2014-11-15 02:15:07 INFO  BlogDao:40 - addNewBlog : Sequence of new blog : 4
2014-11-15 02:15:07 INFO  BlogDao:42 - addNewBlog : New blog inserted
2014-11-15 02:15:07 INFO  BlogDao:65 - getBlogListByUser : Getting Blog List for user : kodomful
2014-11-15 02:15:07 INFO  BlogDao:68 - getBlogListByUser : Query created : Query: { "username" : "kodomful"}, Fields: null, Sort: null
2014-11-15 02:15:07 INFO  BlogDao:71 - getBlogListByUser : Fetched 0blogs for user : kodomful
2014-11-15 02:19:33 INFO  UserController:46 - In showLoginPage function
2014-11-15 02:19:40 INFO  UserController:56 - In doLogin function
2014-11-15 02:20:01 INFO  BlogDao:38 - addNewBlog : Inserting new blog for User : kodomful
2014-11-15 02:20:01 INFO  BlogDao:40 - addNewBlog : Sequence of new blog : 5
2014-11-15 02:20:01 INFO  BlogDao:42 - addNewBlog : New blog inserted
2014-11-15 02:20:01 INFO  BlogDao:65 - getBlogListByUser : Getting Blog List for user : kodomful
2014-11-15 02:20:01 INFO  BlogDao:68 - getBlogListByUser : Query created : Query: { "user" : "kodomful"}, Fields: null, Sort: null
2014-11-15 02:20:01 INFO  BlogDao:71 - getBlogListByUser : Fetched 3 blogs for user : kodomful
2014-11-15 02:23:56 INFO  UserController:46 - In showLoginPage function
2014-11-15 02:24:00 INFO  UserController:56 - In doLogin function
2014-11-15 02:24:24 INFO  BlogDao:38 - addNewBlog : Inserting new blog for User : kodomful
2014-11-15 02:24:24 INFO  BlogDao:40 - addNewBlog : Sequence of new blog : 6
2014-11-15 02:24:24 INFO  BlogDao:42 - addNewBlog : New blog inserted
2014-11-15 02:24:24 INFO  BlogDao:65 - getBlogListByUser : Getting Blog List for user : kodomful
2014-11-15 02:24:24 INFO  BlogDao:68 - getBlogListByUser : Query created : Query: { "user" : "kodomful"}, Fields: null, Sort: null
2014-11-15 02:24:24 INFO  BlogDao:71 - getBlogListByUser : Fetched 4 blogs for user : kodomful
2014-11-15 02:27:20 INFO  UserController:46 - In showLoginPage function
2014-11-15 02:27:26 INFO  UserController:56 - In doLogin function
2014-11-15 02:32:57 INFO  UserController:46 - In showLoginPage function
2014-11-15 02:33:03 INFO  UserController:56 - In doLogin function
2014-11-15 02:33:09 INFO  UserController:46 - In showLoginPage function
2014-11-15 02:36:08 INFO  UserController:46 - In showLoginPage function
2014-11-15 02:36:16 INFO  UserController:56 - In doLogin function
2014-11-15 02:38:39 INFO  UserController:46 - In showLoginPage function
2014-11-15 02:38:49 INFO  UserController:46 - In showLoginPage function
2014-11-15 02:38:58 INFO  UserController:56 - In doLogin function
2014-11-15 02:39:04 INFO  UserController:46 - In showLoginPage function
2014-11-15 03:52:26 INFO  UserController:46 - In showLoginPage function
2014-11-15 03:52:37 INFO  UserController:56 - In doLogin function
2014-11-15 03:53:54 INFO  BlogDao:65 - getBlogListByUser : Getting Blog List for user : kodomful
2014-11-15 03:53:54 INFO  BlogDao:68 - getBlogListByUser : Query created : Query: { "user" : "kodomful"}, Fields: null, Sort: null
2014-11-15 03:53:54 INFO  BlogDao:71 - getBlogListByUser : Fetched 4 blogs for user : kodomful
2014-11-15 03:54:10 INFO  BlogDao:65 - getBlogListByUser : Getting Blog List for user : kodomful
2014-11-15 03:54:10 INFO  BlogDao:68 - getBlogListByUser : Query created : Query: { "user" : "kodomful"}, Fields: null, Sort: null
2014-11-15 03:54:10 INFO  BlogDao:71 - getBlogListByUser : Fetched 4 blogs for user : kodomful
2014-11-15 03:54:12 INFO  UserController:46 - In showLoginPage function
2014-11-15 03:54:17 INFO  UserController:56 - In doLogin function
2014-11-15 03:54:19 INFO  BlogDao:65 - getBlogListByUser : Getting Blog List for user : kodomful
2014-11-15 03:54:19 INFO  BlogDao:68 - getBlogListByUser : Query created : Query: { "user" : "kodomful"}, Fields: null, Sort: null
2014-11-15 03:54:19 INFO  BlogDao:71 - getBlogListByUser : Fetched 4 blogs for user : kodomful
2014-11-15 08:12:01 INFO  UserController:46 - In showLoginPage function
2014-11-15 08:12:11 INFO  UserController:46 - In showLoginPage function
2014-11-15 08:12:19 INFO  UserController:56 - In doLogin function
2014-11-15 08:12:23 INFO  BlogDao:65 - getBlogListByUser : Getting Blog List for user : kodomful
2014-11-15 08:12:23 INFO  BlogDao:68 - getBlogListByUser : Query created : Query: { "user" : "kodomful"}, Fields: null, Sort: null
2014-11-15 08:12:23 INFO  BlogDao:71 - getBlogListByUser : Fetched 4 blogs for user : kodomful
2014-11-15 08:12:51 INFO  BlogDao:38 - addNewBlog : Inserting new blog for User : kodomful
2014-11-15 08:12:52 INFO  BlogDao:40 - addNewBlog : Sequence of new blog : 7
2014-11-15 08:12:52 INFO  BlogDao:42 - addNewBlog : New blog inserted
2014-11-15 08:12:52 INFO  BlogDao:65 - getBlogListByUser : Getting Blog List for user : kodomful
2014-11-15 08:12:52 INFO  BlogDao:68 - getBlogListByUser : Query created : Query: { "user" : "kodomful"}, Fields: null, Sort: null
2014-11-15 08:12:52 INFO  BlogDao:71 - getBlogListByUser : Fetched 5 blogs for user : kodomful
2014-11-15 08:13:00 INFO  BlogDao:65 - getBlogListByUser : Getting Blog List for user : kodomful
2014-11-15 08:13:00 INFO  BlogDao:68 - getBlogListByUser : Query created : Query: { "user" : "kodomful"}, Fields: null, Sort: null
2014-11-15 08:13:00 INFO  BlogDao:71 - getBlogListByUser : Fetched 5 blogs for user : kodomful
2014-11-15 08:13:15 INFO  UserController:46 - In showLoginPage function
2014-11-15 08:13:48 INFO  UserController:56 - In doLogin function
2014-11-15 08:14:02 INFO  UserController:46 - In showLoginPage function
2014-11-15 08:14:36 INFO  UserController:46 - In showLoginPage function
2014-11-15 08:14:41 INFO  UserController:46 - In showLoginPage function
2014-11-15 08:15:28 INFO  UserController:56 - In doLogin function
2014-11-15 08:15:34 INFO  BlogDao:65 - getBlogListByUser : Getting Blog List for user : paneerm
2014-11-15 08:15:34 INFO  BlogDao:68 - getBlogListByUser : Query created : Query: { "user" : "paneerm"}, Fields: null, Sort: null
2014-11-15 08:15:34 INFO  BlogDao:71 - getBlogListByUser : Fetched 0 blogs for user : paneerm
2014-11-15 08:15:46 INFO  BlogDao:38 - addNewBlog : Inserting new blog for User : paneerm
2014-11-15 08:15:46 INFO  BlogDao:40 - addNewBlog : Sequence of new blog : 8
2014-11-15 08:15:46 INFO  BlogDao:42 - addNewBlog : New blog inserted
2014-11-15 08:15:46 INFO  BlogDao:65 - getBlogListByUser : Getting Blog List for user : paneerm
2014-11-15 08:15:46 INFO  BlogDao:68 - getBlogListByUser : Query created : Query: { "user" : "paneerm"}, Fields: null, Sort: null
2014-11-15 08:15:46 INFO  BlogDao:71 - getBlogListByUser : Fetched 1 blogs for user : paneerm
2014-11-15 08:15:51 INFO  BlogDao:65 - getBlogListByUser : Getting Blog List for user : paneerm
2014-11-15 08:15:51 INFO  BlogDao:68 - getBlogListByUser : Query created : Query: { "user" : "paneerm"}, Fields: null, Sort: null
2014-11-15 08:15:51 INFO  BlogDao:71 - getBlogListByUser : Fetched 1 blogs for user : paneerm
2014-11-15 08:15:52 INFO  BlogDao:65 - getBlogListByUser : Getting Blog List for user : paneerm
2014-11-15 08:15:52 INFO  BlogDao:68 - getBlogListByUser : Query created : Query: { "user" : "paneerm"}, Fields: null, Sort: null
2014-11-15 08:15:52 INFO  BlogDao:71 - getBlogListByUser : Fetched 1 blogs for user : paneerm
2014-11-15 08:16:02 INFO  BlogDao:65 - getBlogListByUser : Getting Blog List for user : paneerm
2014-11-15 08:16:02 INFO  BlogDao:68 - getBlogListByUser : Query created : Query: { "user" : "paneerm"}, Fields: null, Sort: null
2014-11-15 08:16:02 INFO  BlogDao:71 - getBlogListByUser : Fetched 1 blogs for user : paneerm
2014-11-15 08:16:14 INFO  UserController:46 - In showLoginPage function
2014-11-15 15:34:03 INFO  UserController:46 - In showLoginPage function
2014-11-15 15:34:08 INFO  UserController:46 - In showLoginPage function
2014-11-15 15:34:11 INFO  UserController:46 - In showLoginPage function
2014-11-15 15:34:16 INFO  UserController:46 - In showLoginPage function
2014-11-15 15:34:21 INFO  UserController:46 - In showLoginPage function
2014-11-15 15:34:47 INFO  UserController:46 - In showLoginPage function
2014-11-15 15:37:18 INFO  UserController:56 - In doLogin function
2014-11-15 15:37:43 INFO  BlogDao:38 - addNewBlog : Inserting new blog for User : rinig
2014-11-15 15:37:43 INFO  BlogDao:40 - addNewBlog : Sequence of new blog : 9
2014-11-15 15:37:43 INFO  BlogDao:42 - addNewBlog : New blog inserted
2014-11-15 15:37:43 INFO  BlogDao:65 - getBlogListByUser : Getting Blog List for user : rinig
2014-11-15 15:37:43 INFO  BlogDao:68 - getBlogListByUser : Query created : Query: { "user" : "rinig"}, Fields: null, Sort: null
2014-11-15 15:37:43 INFO  BlogDao:71 - getBlogListByUser : Fetched 1 blogs for user : rinig
2014-11-15 15:37:50 INFO  BlogDao:65 - getBlogListByUser : Getting Blog List for user : rinig
2014-11-15 15:37:50 INFO  BlogDao:68 - getBlogListByUser : Query created : Query: { "user" : "rinig"}, Fields: null, Sort: null
2014-11-15 15:37:50 INFO  BlogDao:71 - getBlogListByUser : Fetched 1 blogs for user : rinig
2014-11-15 15:37:58 INFO  UserController:46 - In showLoginPage function
2014-11-15 15:38:47 INFO  UserController:56 - In doLogin function
2014-11-15 19:28:57 INFO  UserController:46 - In showLoginPage function
2014-11-15 19:29:08 INFO  UserController:56 - In doLogin function
2014-11-15 19:29:08 INFO  UserController:63 - Current user : kodomful
2014-11-15 19:29:33 INFO  BlogDao:68 - getBlogListByUser : Getting Blog List for user : kodomful
2014-11-15 19:29:33 INFO  BlogDao:71 - getBlogListByUser : Query created : Query: { "user" : "kodomful"}, Fields: null, Sort: null
2014-11-15 19:29:33 INFO  BlogDao:74 - getBlogListByUser : Fetched 5 blogs for user : kodomful
2014-11-15 19:30:35 INFO  BlogDao:41 - addNewBlog : Inserting new blog for User : kodomful
2014-11-15 19:30:35 INFO  BlogDao:43 - addNewBlog : Sequence of new blog : 10
2014-11-15 19:30:35 INFO  BlogDao:45 - addNewBlog : New blog inserted
2014-11-15 19:30:35 INFO  BlogDao:68 - getBlogListByUser : Getting Blog List for user : kodomful
2014-11-15 19:30:35 INFO  BlogDao:71 - getBlogListByUser : Query created : Query: { "user" : "kodomful"}, Fields: null, Sort: null
2014-11-15 19:30:35 INFO  BlogDao:74 - getBlogListByUser : Fetched 6 blogs for user : kodomful
2014-11-15 19:31:17 INFO  UserController:46 - In showLoginPage function
2014-11-15 19:32:05 INFO  UserController:56 - In doLogin function
2014-11-15 19:32:05 ERROR UserController:70 - [Ljava.lang.StackTraceElement;@5880f4fb
2014-11-15 19:35:38 INFO  UserController:46 - In showLoginPage function
2014-11-15 19:55:22 INFO  UserController:46 - In showLoginPage function
2014-11-15 19:55:26 INFO  UserController:46 - In showLoginPage function
2014-11-15 19:55:32 INFO  UserController:56 - In doLogin function
2014-11-15 19:55:32 INFO  UserController:63 - Current user : kodomful
2014-11-15 19:55:35 INFO  BlogDao:84 - getUserList : Fetched 0 users : [ ]
2014-11-15 19:55:35 INFO  BlogService:42 - getAllUsers : Got 0 users : [ ]
2014-11-15 19:55:42 INFO  BlogDao:68 - getBlogListByUser : Getting Blog List for user : kodomful
2014-11-15 19:55:42 INFO  BlogDao:71 - getBlogListByUser : Query created : Query: { "user" : "kodomful"}, Fields: null, Sort: null
2014-11-15 19:55:42 INFO  BlogDao:74 - getBlogListByUser : Fetched 6 blogs for user : kodomful
2014-11-15 19:55:45 INFO  BlogDao:84 - getUserList : Fetched 0 users : [ ]
2014-11-15 19:55:45 INFO  BlogService:42 - getAllUsers : Got 0 users : [ ]
2014-11-15 19:55:46 INFO  BlogDao:68 - getBlogListByUser : Getting Blog List for user : kodomful
2014-11-15 19:55:46 INFO  BlogDao:71 - getBlogListByUser : Query created : Query: { "user" : "kodomful"}, Fields: null, Sort: null
2014-11-15 19:55:46 INFO  BlogDao:74 - getBlogListByUser : Fetched 6 blogs for user : kodomful
2014-11-15 19:55:48 INFO  UserController:46 - In showLoginPage function
2014-11-15 19:56:10 INFO  UserController:89 - newUserRegistration : User name : test2  Password : $2a$10$0r8gj/ZAuv8/pHw6AHKmseEgyLmxaOlz9CxFyIU1TKKhLrQ19/Gju
2014-11-15 19:56:10 INFO  UserController:56 - In doLogin function
2014-11-15 19:56:10 ERROR UserController:70 - java.lang.NullPointerException
2014-11-15 19:56:23 INFO  UserController:46 - In showLoginPage function
2014-11-15 21:35:52 INFO  UserController:46 - In showLoginPage function
2014-11-15 21:36:01 INFO  UserController:56 - In doLogin function
2014-11-15 21:36:01 INFO  UserController:59 - 1
2014-11-15 21:36:01 INFO  UserController:61 - 2
2014-11-15 21:36:01 INFO  UserController:64 - 3
2014-11-15 21:36:01 INFO  UserController:65 - Current user : kodomful
2014-11-15 21:36:05 INFO  BlogDao:84 - getUserList : Fetched 3 users : [ "kodomful" , "paneerm" , "rinig"]
2014-11-15 21:36:05 INFO  BlogService:42 - getAllUsers : Got 3 users : [ "kodomful" , "paneerm" , "rinig"]
2014-11-15 21:36:25 INFO  BlogDao:84 - getUserList : Fetched 3 users : [ "kodomful" , "paneerm" , "rinig"]
2014-11-15 21:36:25 INFO  BlogService:42 - getAllUsers : Got 3 users : [ "kodomful" , "paneerm" , "rinig"]
2014-11-15 21:36:28 INFO  BlogDao:84 - getUserList : Fetched 3 users : [ "kodomful" , "paneerm" , "rinig"]
2014-11-15 21:36:28 INFO  BlogService:42 - getAllUsers : Got 3 users : [ "kodomful" , "paneerm" , "rinig"]
2014-11-15 21:36:29 INFO  BlogDao:84 - getUserList : Fetched 3 users : [ "kodomful" , "paneerm" , "rinig"]
2014-11-15 21:36:29 INFO  BlogService:42 - getAllUsers : Got 3 users : [ "kodomful" , "paneerm" , "rinig"]
2014-11-15 21:36:30 INFO  BlogDao:68 - getBlogListByUser : Getting Blog List for user : kodomful
2014-11-15 21:36:30 INFO  BlogDao:71 - getBlogListByUser : Query created : Query: { "user" : "kodomful"}, Fields: null, Sort: null
2014-11-15 21:36:30 INFO  BlogDao:74 - getBlogListByUser : Fetched 6 blogs for user : kodomful
2014-11-15 21:36:37 INFO  UserController:46 - In showLoginPage function
2014-11-15 21:37:08 INFO  UserController:92 - newUserRegistration : User name : test3  Password : $2a$10$CQBNjphCs2IITR9WGb0N6OWYZpg4VomG0codun3IMlPsYAyvUsOnC
2014-11-15 21:37:08 INFO  UserController:56 - In doLogin function
2014-11-15 21:37:08 INFO  UserController:59 - 1
2014-11-15 21:37:08 INFO  UserController:61 - 2
2014-11-15 21:37:08 INFO  UserController:64 - 3
2014-11-15 21:37:08 ERROR UserController:73 - 
2014-11-15 21:37:29 INFO  UserController:46 - In showLoginPage function
2014-11-15 21:44:05 INFO  UserController:92 - newUserRegistration : User name : test4  Password : $2a$10$H2SmFttnCuO7NeGT0PJN/u4S5Hk4bdWsw4zigHPcQ6mkQaujuFsLu
2014-11-15 21:44:05 INFO  UserController:56 - In doLogin function
2014-11-15 21:44:05 INFO  UserController:59 - 1
2014-11-15 21:44:05 INFO  UserController:61 - 2
2014-11-15 21:44:05 INFO  UserController:64 - 3
2014-11-15 21:44:05 ERROR UserController:73 - 
2014-11-16 14:05:16 INFO  UserController:46 - In showLoginPage function
2014-11-16 14:05:30 INFO  UserController:56 - In doLogin function
2014-11-16 14:05:30 INFO  UserController:59 - 1
2014-11-16 14:05:30 INFO  UserController:61 - 2
2014-11-16 14:05:30 INFO  UserController:64 - 3
2014-11-16 14:05:30 INFO  UserController:65 - Current user : kodomful
2014-11-16 14:05:30 INFO  UserController:73 - Principal is : org.springframework.security.authentication.UsernamePasswordAuthenticationToken@4ff8596f: Principal: org.springframework.security.core.userdetails.User@be55b5f: Username: kodomful; Password: [PROTECTED]; Enabled: true; AccountNonExpired: true; credentialsNonExpired: true; AccountNonLocked: true; Granted Authorities: ROLE_USER; Credentials: [PROTECTED]; Authenticated: true; Details: org.springframework.security.web.authentication.WebAuthenticationDetails@0: RemoteIpAddress: 0:0:0:0:0:0:0:1; SessionId: B5122B80D4793E4185352760FC93DD66; Granted Authorities: ROLE_USER
2014-11-16 14:05:33 INFO  BlogDao:68 - getBlogListByUser : Getting Blog List for user : kodomful
2014-11-16 14:05:33 INFO  BlogDao:71 - getBlogListByUser : Query created : Query: { "user" : "kodomful"}, Fields: null, Sort: null
2014-11-16 14:05:33 INFO  BlogDao:74 - getBlogListByUser : Fetched 6 blogs for user : kodomful
2014-11-16 14:05:35 INFO  BlogDao:84 - getUserList : Fetched 3 users : [ "kodomful" , "paneerm" , "rinig"]
2014-11-16 14:05:35 INFO  BlogService:42 - getAllUsers : Got 3 users : [ "kodomful" , "paneerm" , "rinig"]
2014-11-16 14:05:39 INFO  UserController:46 - In showLoginPage function
2014-11-16 14:06:06 INFO  UserController:102 - newUserRegistration : User name : test5  Password : $2a$10$t88ULEB8QVDqbDZgW2iFJuQQQPJSf8ln3.oTlerrl1gG8sfBCecJy
2014-11-16 14:06:06 INFO  UserController:56 - In doLogin function
2014-11-16 14:06:06 INFO  UserController:59 - 1
2014-11-16 14:06:06 INFO  UserController:61 - 2
2014-11-16 14:06:06 INFO  UserController:64 - 3
2014-11-16 14:06:06 ERROR UserController:83 - 
2014-11-16 14:19:49 INFO  UserController:46 - In showLoginPage function
2014-11-16 14:20:03 INFO  UserController:56 - In doLogin function
2014-11-16 14:20:03 INFO  UserController:59 - doLogin : User name : null  Password : null
2014-11-16 14:20:03 INFO  UserController:60 - 1
2014-11-16 14:20:03 INFO  UserController:62 - 2
2014-11-16 14:20:03 INFO  UserController:65 - 3
2014-11-16 14:20:03 INFO  UserController:74 - Principal is : org.springframework.security.authentication.UsernamePasswordAuthenticationToken@b0056b1f: Principal: org.springframework.security.core.userdetails.User@be55b5f: Username: kodomful; Password: [PROTECTED]; Enabled: true; AccountNonExpired: true; credentialsNonExpired: true; AccountNonLocked: true; Granted Authorities: ROLE_USER; Credentials: [PROTECTED]; Authenticated: true; Details: org.springframework.security.web.authentication.WebAuthenticationDetails@fffd3270: RemoteIpAddress: 0:0:0:0:0:0:0:1; SessionId: 418FDBC08F685EED30636EB7AD5B2B14; Granted Authorities: ROLE_USER
2014-11-16 14:20:03 INFO  UserController:76 - Current user : kodomful
2014-11-16 14:22:44 INFO  UserController:46 - In showLoginPage function
2014-11-16 14:23:33 INFO  UserController:56 - In doLogin function
2014-11-16 14:23:33 INFO  UserController:59 - doLogin : User name : null  Password : null
2014-11-16 14:23:33 INFO  UserController:60 - 1
2014-11-16 14:23:33 INFO  UserController:62 - 2
2014-11-16 14:23:33 INFO  UserController:65 - 3
2014-11-16 14:23:33 INFO  UserController:74 - Principal is : org.springframework.security.authentication.UsernamePasswordAuthenticationToken@428d8242: Principal: org.springframework.security.core.userdetails.User@6924de2: Username: test4; Password: [PROTECTED]; Enabled: true; AccountNonExpired: true; credentialsNonExpired: true; AccountNonLocked: true; Granted Authorities: ROLE_USER; Credentials: [PROTECTED]; Authenticated: true; Details: org.springframework.security.web.authentication.WebAuthenticationDetails@2cd90: RemoteIpAddress: 0:0:0:0:0:0:0:1; SessionId: 13D2317943FE53E34DDF8ABFE794FD0C; Granted Authorities: ROLE_USER
2014-11-16 14:23:33 INFO  UserController:76 - Current user : test4
2014-11-16 15:22:58 INFO  UserController:46 - In showLoginPage function
2014-11-16 15:23:04 INFO  UserController:56 - In doLogin function
2014-11-16 15:23:04 INFO  UserController:59 - doLogin : User name : null  Password : null
2014-11-16 15:23:04 INFO  UserController:60 - 1
2014-11-16 15:23:04 INFO  UserController:62 - 2
2014-11-16 15:23:04 INFO  UserController:65 - 3
2014-11-16 15:23:04 INFO  UserController:74 - Principal is : org.springframework.security.authentication.UsernamePasswordAuthenticationToken@4ffc6d37: Principal: org.springframework.security.core.userdetails.User@be55b5f: Username: kodomful; Password: [PROTECTED]; Enabled: true; AccountNonExpired: true; credentialsNonExpired: true; AccountNonLocked: true; Granted Authorities: ROLE_USER; Credentials: [PROTECTED]; Authenticated: true; Details: org.springframework.security.web.authentication.WebAuthenticationDetails@43458: RemoteIpAddress: 0:0:0:0:0:0:0:1; SessionId: 3FFC7543EF6E88CACFB3DC341065B702; Granted Authorities: ROLE_USER
2014-11-16 15:23:04 INFO  UserController:76 - Current user : kodomful
2014-11-16 15:23:35 INFO  UserController:46 - In showLoginPage function
2014-11-16 15:24:13 INFO  UserController:103 - newUserRegistration : User name : test6  Password : $2a$10$FXcGqJ7NGlThL23121D9sOMRtmikROXXyuiH5qc.XB4RUReyaXc82
2014-11-16 15:24:13 INFO  UserController:46 - In showLoginPage function
2014-11-16 15:29:07 INFO  UserController:46 - In showLoginPage function
2014-11-16 15:29:32 INFO  UserController:103 - newUserRegistration : User name : test7  Password : $2a$10$gXmojfE/arzHauN2oi4.gOFMdcqf/Nus.4M6ZShXwFlpsefas5YAi
2014-11-16 15:29:32 INFO  UserController:46 - In showLoginPage function
2014-11-16 15:33:45 INFO  UserController:46 - In showLoginPage function
2014-11-16 15:34:28 INFO  UserController:103 - newUserRegistration : User name : test8  Password : $2a$10$LuXKy0OtaqQuyS8avsYQZeaqiEdPcQwaV7DyqsbZlWlsvw8.UYcFG
2014-11-16 15:34:28 INFO  UserController:46 - In showLoginPage function
2014-11-16 15:35:46 INFO  UserController:46 - In showLoginPage function
2014-11-16 15:46:31 INFO  UserController:46 - In showLoginPage function
2014-11-16 15:47:00 INFO  UserController:103 - newUserRegistration : User name : test9  Password : $2a$10$Kx7ihtN8wuJ8SWfjTdYTMe/5BUnG2hAb7.jJAujRwKaCT3/wizaWW
2014-11-16 15:47:00 INFO  UserController:46 - In showLoginPage function
2014-11-16 15:51:59 INFO  UserController:46 - In showLoginPage function
2014-11-16 15:52:20 INFO  UserController:103 - newUserRegistration : User name : test10  Password : $2a$10$.OpCKMCfh9ByFLygS9KTsOZx09HilsH0Hgh0uSnsNA7jqwrOyQKD.
2014-11-16 15:52:20 INFO  UserController:46 - In showLoginPage function
2014-11-16 15:52:29 INFO  UserController:46 - In showLoginPage function
2014-11-16 15:52:32 INFO  BlogDao:68 - getBlogListByUser : Getting Blog List for user : null
2014-11-16 15:52:32 INFO  BlogDao:71 - getBlogListByUser : Query created : Query: { "user" :  null }, Fields: null, Sort: null
2014-11-16 15:52:32 INFO  BlogDao:74 - getBlogListByUser : Fetched 2 blogs for user : null
2014-11-16 15:52:55 INFO  BlogDao:84 - getUserList : Fetched 3 users : [ "kodomful" , "paneerm" , "rinig"]
2014-11-16 15:52:55 INFO  BlogService:42 - getAllUsers : Got 3 users : [ "kodomful" , "paneerm" , "rinig"]
2014-11-16 15:53:00 INFO  BlogDao:68 - getBlogListByUser : Getting Blog List for user : null
2014-11-16 15:53:00 INFO  BlogDao:71 - getBlogListByUser : Query created : Query: { "user" :  null }, Fields: null, Sort: null
2014-11-16 15:53:00 INFO  BlogDao:74 - getBlogListByUser : Fetched 2 blogs for user : null
2014-11-16 16:03:19 INFO  BlogDao:68 - getBlogListByUser : Getting Blog List for user : null
2014-11-16 16:03:19 INFO  BlogDao:71 - getBlogListByUser : Query created : Query: { "user" :  null }, Fields: null, Sort: null
2014-11-16 16:03:19 INFO  BlogDao:74 - getBlogListByUser : Fetched 2 blogs for user : null
2014-11-16 16:03:23 INFO  BlogDao:68 - getBlogListByUser : Getting Blog List for user : null
2014-11-16 16:03:23 INFO  BlogDao:71 - getBlogListByUser : Query created : Query: { "user" :  null }, Fields: null, Sort: null
2014-11-16 16:03:23 INFO  BlogDao:74 - getBlogListByUser : Fetched 2 blogs for user : null
2014-11-16 16:03:30 INFO  UserController:46 - In showLoginPage function
2014-11-16 16:03:36 INFO  UserController:46 - In showLoginPage function
2014-11-16 16:03:38 INFO  BlogDao:68 - getBlogListByUser : Getting Blog List for user : null
2014-11-16 16:03:38 INFO  BlogDao:71 - getBlogListByUser : Query created : Query: { "user" :  null }, Fields: null, Sort: null
2014-11-16 16:03:38 INFO  BlogDao:74 - getBlogListByUser : Fetched 2 blogs for user : null
2014-11-16 16:03:54 INFO  UserController:46 - In showLoginPage function
2014-11-16 16:04:06 INFO  UserController:46 - In showLoginPage function
2014-11-16 16:04:13 INFO  UserController:46 - In showLoginPage function
2014-11-16 16:04:29 INFO  BlogDao:68 - getBlogListByUser : Getting Blog List for user : null
2014-11-16 16:04:29 INFO  BlogDao:71 - getBlogListByUser : Query created : Query: { "user" :  null }, Fields: null, Sort: null
2014-11-16 16:04:29 INFO  BlogDao:74 - getBlogListByUser : Fetched 2 blogs for user : null
2014-11-16 16:04:31 INFO  UserController:46 - In showLoginPage function
2014-11-16 16:04:36 INFO  UserController:46 - In showLoginPage function
2014-11-16 16:23:11 INFO  UserController:46 - In showLoginPage function
2014-11-16 16:23:20 INFO  UserController:46 - In showLoginPage function
2014-11-16 16:23:23 INFO  UserController:46 - In showLoginPage function
2014-11-16 16:23:29 INFO  UserController:46 - In showLoginPage function
2014-11-16 16:24:38 INFO  UserController:46 - In showLoginPage function
2014-11-16 16:33:07 INFO  UserController:46 - In showLoginPage function
2014-11-16 16:33:10 INFO  UserController:46 - In showLoginPage function
2014-11-16 16:33:15 INFO  UserController:46 - In showLoginPage function
2014-11-16 16:33:31 INFO  UserController:99 - newUserRegistration : User name :   Password : $2a$10$.4uRloolv1ikKYYVkUr7YulDOgOVx56UROZWHU.PixUfoz3.L8Xu.
2014-11-16 16:33:31 INFO  UserController:46 - In showLoginPage function
2014-11-16 16:33:37 INFO  UserController:46 - In showLoginPage function
2014-11-16 16:34:01 INFO  UserController:46 - In showLoginPage function
2014-11-16 16:34:19 INFO  UserController:46 - In showLoginPage function
2014-11-16 16:36:43 INFO  UserController:46 - In showLoginPage function
2014-11-16 16:36:46 INFO  UserController:46 - In showLoginPage function
2014-11-16 16:36:50 INFO  UserController:46 - In showLoginPage function
2014-11-16 16:36:56 INFO  UserController:56 - In doLogin function
2014-11-16 16:36:56 INFO  UserController:70 - Principal is : org.springframework.security.authentication.UsernamePasswordAuthenticationToken@4ff8596f: Principal: org.springframework.security.core.userdetails.User@be55b5f: Username: kodomful; Password: [PROTECTED]; Enabled: true; AccountNonExpired: true; credentialsNonExpired: true; AccountNonLocked: true; Granted Authorities: ROLE_USER; Credentials: [PROTECTED]; Authenticated: true; Details: org.springframework.security.web.authentication.WebAuthenticationDetails@0: RemoteIpAddress: 0:0:0:0:0:0:0:1; SessionId: AC3AE9EC2FEA1B792D957D7CCFCEE901; Granted Authorities: ROLE_USER
2014-11-16 16:36:56 INFO  UserController:72 - doLogin : Current user : kodomful
2014-11-16 16:37:04 INFO  BlogDao:68 - getBlogListByUser : Getting Blog List for user : kodomful
2014-11-16 16:37:04 INFO  BlogDao:71 - getBlogListByUser : Query created : Query: { "user" : "kodomful"}, Fields: null, Sort: null
2014-11-16 16:37:04 INFO  BlogDao:74 - getBlogListByUser : Fetched 6 blogs for user : kodomful
2014-11-16 16:37:10 INFO  BlogDao:84 - getUserList : Fetched 3 users : [ "kodomful" , "paneerm" , "rinig"]
2014-11-16 16:37:10 INFO  BlogService:42 - getAllUsers : Got 3 users : [ "kodomful" , "paneerm" , "rinig"]
2014-11-16 16:37:13 INFO  UserController:46 - In showLoginPage function
2014-11-16 16:37:29 INFO  UserController:99 - newUserRegistration : User name : test11  Password : $2a$10$ohtnKQ5DcwVUG1UXyHMTxO.iErDoAXX3/fHVZXixxthxzsCwv3MbG
2014-11-16 16:37:29 INFO  UserController:46 - In showLoginPage function
2014-11-16 16:39:18 INFO  UserController:56 - In doLogin function
2014-11-16 16:39:18 INFO  UserController:70 - Principal is : org.springframework.security.authentication.UsernamePasswordAuthenticationToken@8faadf65: Principal: org.springframework.security.core.userdetails.User@cbb76e31: Username: test10; Password: [PROTECTED]; Enabled: true; AccountNonExpired: true; credentialsNonExpired: true; AccountNonLocked: true; Granted Authorities: ROLE_USER; Credentials: [PROTECTED]; Authenticated: true; Details: org.springframework.security.web.authentication.WebAuthenticationDetails@b364: RemoteIpAddress: 0:0:0:0:0:0:0:1; SessionId: 3D199C210FAD5B0D6262D09793E27723; Granted Authorities: ROLE_USER
2014-11-16 16:39:18 INFO  UserController:72 - doLogin : Current user : test10
2014-11-16 16:39:20 INFO  BlogDao:68 - getBlogListByUser : Getting Blog List for user : test10
2014-11-16 16:39:20 INFO  BlogDao:71 - getBlogListByUser : Query created : Query: { "user" : "test10"}, Fields: null, Sort: null
2014-11-16 16:39:20 INFO  BlogDao:74 - getBlogListByUser : Fetched 0 blogs for user : test10
2014-11-16 16:39:21 INFO  BlogDao:84 - getUserList : Fetched 3 users : [ "kodomful" , "paneerm" , "rinig"]
2014-11-16 16:39:21 INFO  BlogService:42 - getAllUsers : Got 3 users : [ "kodomful" , "paneerm" , "rinig"]
2014-11-16 16:39:24 INFO  BlogDao:68 - getBlogListByUser : Getting Blog List for user : test10
2014-11-16 16:39:24 INFO  BlogDao:71 - getBlogListByUser : Query created : Query: { "user" : "test10"}, Fields: null, Sort: null
2014-11-16 16:39:24 INFO  BlogDao:74 - getBlogListByUser : Fetched 0 blogs for user : test10
2014-11-16 16:39:26 INFO  BlogDao:84 - getUserList : Fetched 3 users : [ "kodomful" , "paneerm" , "rinig"]
2014-11-16 16:39:26 INFO  BlogService:42 - getAllUsers : Got 3 users : [ "kodomful" , "paneerm" , "rinig"]
2014-11-16 16:39:59 INFO  BlogDao:41 - addNewBlog : Inserting new blog for User : test10
2014-11-16 16:39:59 INFO  BlogDao:43 - addNewBlog : Sequence of new blog : 11
2014-11-16 16:39:59 INFO  BlogDao:45 - addNewBlog : New blog inserted
2014-11-16 16:39:59 INFO  BlogDao:68 - getBlogListByUser : Getting Blog List for user : test10
2014-11-16 16:39:59 INFO  BlogDao:71 - getBlogListByUser : Query created : Query: { "user" : "test10"}, Fields: null, Sort: null
2014-11-16 16:39:59 INFO  BlogDao:74 - getBlogListByUser : Fetched 1 blogs for user : test10
2014-11-16 16:40:03 INFO  BlogDao:84 - getUserList : Fetched 4 users : [ "kodomful" , "paneerm" , "rinig" , "test10"]
2014-11-16 16:40:03 INFO  BlogService:42 - getAllUsers : Got 4 users : [ "kodomful" , "paneerm" , "rinig" , "test10"]
2014-11-16 16:40:04 INFO  BlogDao:68 - getBlogListByUser : Getting Blog List for user : test10
2014-11-16 16:40:04 INFO  BlogDao:71 - getBlogListByUser : Query created : Query: { "user" : "test10"}, Fields: null, Sort: null
2014-11-16 16:40:04 INFO  BlogDao:74 - getBlogListByUser : Fetched 1 blogs for user : test10
2014-11-16 16:40:06 INFO  UserController:46 - In showLoginPage function
2014-11-16 16:42:46 INFO  UserController:56 - In doLogin function
2014-11-16 16:42:46 INFO  UserController:70 - Principal is : org.springframework.security.authentication.UsernamePasswordAuthenticationToken@8fae5859: Principal: org.springframework.security.core.userdetails.User@cbb76e31: Username: test10; Password: [PROTECTED]; Enabled: true; AccountNonExpired: true; credentialsNonExpired: true; AccountNonLocked: true; Granted Authorities: ROLE_USER; Credentials: [PROTECTED]; Authenticated: true; Details: org.springframework.security.web.authentication.WebAuthenticationDetails@43458: RemoteIpAddress: 0:0:0:0:0:0:0:1; SessionId: 0592031F04E91E724523043BE6816545; Granted Authorities: ROLE_USER
2014-11-16 16:42:46 INFO  UserController:72 - doLogin : Current user : test10
2014-11-16 16:47:08 INFO  UserController:46 - In showLoginPage function
2014-11-16 16:54:01 INFO  UserController:56 - In doLogin function
2014-11-16 16:54:01 INFO  UserController:70 - Principal is : org.springframework.security.authentication.UsernamePasswordAuthenticationToken@4ffbd99b: Principal: org.springframework.security.core.userdetails.User@be55b5f: Username: kodomful; Password: [PROTECTED]; Enabled: true; AccountNonExpired: true; credentialsNonExpired: true; AccountNonLocked: true; Granted Authorities: ROLE_USER; Credentials: [PROTECTED]; Authenticated: true; Details: org.springframework.security.web.authentication.WebAuthenticationDetails@380f4: RemoteIpAddress: 0:0:0:0:0:0:0:1; SessionId: 2223CB2718720D49EE0D15D2C8DEAF94; Granted Authorities: ROLE_USER
2014-11-16 16:54:01 INFO  UserController:72 - doLogin : Current user : kodomful
2014-11-16 16:54:07 INFO  BlogDao:68 - getBlogListByUser : Getting Blog List for user : kodomful
2014-11-16 16:54:07 INFO  BlogDao:71 - getBlogListByUser : Query created : Query: { "user" : "kodomful"}, Fields: null, Sort: null
2014-11-16 16:54:07 INFO  BlogDao:74 - getBlogListByUser : Fetched 6 blogs for user : kodomful
2014-11-16 16:54:09 INFO  BlogDao:84 - getUserList : Fetched 4 users : [ "kodomful" , "paneerm" , "rinig" , "test10"]
2014-11-16 16:54:09 INFO  BlogService:42 - getAllUsers : Got 4 users : [ "kodomful" , "paneerm" , "rinig" , "test10"]
2014-11-16 16:54:20 INFO  UserController:46 - In showLoginPage function
2014-11-16 17:02:27 INFO  UserController:56 - In doLogin function
2014-11-16 17:02:27 INFO  UserController:70 - Principal is : org.springframework.security.authentication.UsernamePasswordAuthenticationToken@4ffbd99b: Principal: org.springframework.security.core.userdetails.User@be55b5f: Username: kodomful; Password: [PROTECTED]; Enabled: true; AccountNonExpired: true; credentialsNonExpired: true; AccountNonLocked: true; Granted Authorities: ROLE_USER; Credentials: [PROTECTED]; Authenticated: true; Details: org.springframework.security.web.authentication.WebAuthenticationDetails@380f4: RemoteIpAddress: 0:0:0:0:0:0:0:1; SessionId: 45EDBDC4EC14DFBC2274D2701D119AB5; Granted Authorities: ROLE_USER
2014-11-16 17:02:27 INFO  UserController:72 - doLogin : Current user : kodomful
2014-11-16 17:07:13 INFO  UserController:47 - In showLoginPage function
2014-11-16 17:07:26 INFO  UserController:57 - In doLogin function
2014-11-16 17:07:26 INFO  UserController:62 - Principal is : org.springframework.security.authentication.UsernamePasswordAuthenticationToken@b0042663: Principal: org.springframework.security.core.userdetails.User@be55b5f: Username: kodomful; Password: [PROTECTED]; Enabled: true; AccountNonExpired: true; credentialsNonExpired: true; AccountNonLocked: true; Granted Authorities: ROLE_USER; Credentials: [PROTECTED]; Authenticated: true; Details: org.springframework.security.web.authentication.WebAuthenticationDetails@fffc7f0c: RemoteIpAddress: 0:0:0:0:0:0:0:1; SessionId: D4836C0C42F6B403CB683E043DF145DC; Granted Authorities: ROLE_USER
2014-11-16 17:07:26 INFO  UserController:63 - doLogin : Current user : kodomful
2014-11-16 17:08:06 INFO  BlogDao:68 - getBlogListByUser : Getting Blog List for user : kodomful
2014-11-16 17:08:06 INFO  BlogDao:71 - getBlogListByUser : Query created : Query: { "user" : "kodomful"}, Fields: null, Sort: null
2014-11-16 17:08:06 INFO  BlogDao:74 - getBlogListByUser : Fetched 6 blogs for user : kodomful
2014-11-16 17:08:09 INFO  BlogDao:84 - getUserList : Fetched 4 users : [ "kodomful" , "paneerm" , "rinig" , "test10"]
2014-11-16 17:08:09 INFO  BlogService:42 - getAllUsers : Got 4 users : [ "kodomful" , "paneerm" , "rinig" , "test10"]
2014-11-16 17:08:17 INFO  BlogDao:68 - getBlogListByUser : Getting Blog List for user : kodomful
2014-11-16 17:08:17 INFO  BlogDao:71 - getBlogListByUser : Query created : Query: { "user" : "kodomful"}, Fields: null, Sort: null
2014-11-16 17:08:17 INFO  BlogDao:74 - getBlogListByUser : Fetched 6 blogs for user : kodomful
2014-11-16 17:08:19 INFO  BlogDao:84 - getUserList : Fetched 4 users : [ "kodomful" , "paneerm" , "rinig" , "test10"]
2014-11-16 17:08:19 INFO  BlogService:42 - getAllUsers : Got 4 users : [ "kodomful" , "paneerm" , "rinig" , "test10"]
2014-11-16 17:08:41 INFO  BlogDao:68 - getBlogListByUser : Getting Blog List for user : kodomful
2014-11-16 17:08:41 INFO  BlogDao:71 - getBlogListByUser : Query created : Query: { "user" : "kodomful"}, Fields: null, Sort: null
2014-11-16 17:08:41 INFO  BlogDao:74 - getBlogListByUser : Fetched 6 blogs for user : kodomful
2014-11-16 17:08:43 INFO  BlogDao:84 - getUserList : Fetched 4 users : [ "kodomful" , "paneerm" , "rinig" , "test10"]
2014-11-16 17:08:43 INFO  BlogService:42 - getAllUsers : Got 4 users : [ "kodomful" , "paneerm" , "rinig" , "test10"]
2014-11-16 17:11:46 INFO  UserController:47 - In showLoginPage function
2014-11-16 17:12:14 INFO  UserController:90 - newUserRegistration : User name : test12  Password : $2a$10$zHChmY96NGLfKO.G7U1i8.Wrw9Ui.tFgsXES.CZllKA0PXQJakJ6G
2014-11-16 17:12:14 INFO  UserController:47 - In showLoginPage function
2014-11-16 17:12:30 INFO  UserController:57 - In doLogin function
2014-11-16 17:12:30 INFO  UserController:62 - Principal is : org.springframework.security.authentication.UsernamePasswordAuthenticationToken@8fae585b: Principal: org.springframework.security.core.userdetails.User@cbb76e33: Username: test12; Password: [PROTECTED]; Enabled: true; AccountNonExpired: true; credentialsNonExpired: true; AccountNonLocked: true; Granted Authorities: ROLE_USER; Credentials: [PROTECTED]; Authenticated: true; Details: org.springframework.security.web.authentication.WebAuthenticationDetails@43458: RemoteIpAddress: 0:0:0:0:0:0:0:1; SessionId: DAF91F0AFC8993775441AF71924D9D23; Granted Authorities: ROLE_USER
2014-11-16 17:12:30 INFO  UserController:63 - doLogin : Current user : test12
2014-11-16 17:12:34 INFO  BlogDao:84 - getUserList : Fetched 4 users : [ "kodomful" , "paneerm" , "rinig" , "test10"]
2014-11-16 17:12:34 INFO  BlogService:42 - getAllUsers : Got 4 users : [ "kodomful" , "paneerm" , "rinig" , "test10"]
2014-11-16 17:12:48 INFO  BlogDao:68 - getBlogListByUser : Getting Blog List for user : test12
2014-11-16 17:12:48 INFO  BlogDao:71 - getBlogListByUser : Query created : Query: { "user" : "test12"}, Fields: null, Sort: null
2014-11-16 17:12:48 INFO  BlogDao:74 - getBlogListByUser : Fetched 0 blogs for user : test12
2014-11-16 17:13:02 INFO  BlogDao:84 - getUserList : Fetched 4 users : [ "kodomful" , "paneerm" , "rinig" , "test10"]
2014-11-16 17:13:02 INFO  BlogService:42 - getAllUsers : Got 4 users : [ "kodomful" , "paneerm" , "rinig" , "test10"]
2014-11-16 17:13:15 INFO  BlogDao:41 - addNewBlog : Inserting new blog for User : test12
2014-11-16 17:13:15 INFO  BlogDao:43 - addNewBlog : Sequence of new blog : 12
2014-11-16 17:13:15 INFO  BlogDao:45 - addNewBlog : New blog inserted
2014-11-16 17:13:15 INFO  BlogDao:68 - getBlogListByUser : Getting Blog List for user : test12
2014-11-16 17:13:15 INFO  BlogDao:71 - getBlogListByUser : Query created : Query: { "user" : "test12"}, Fields: null, Sort: null
2014-11-16 17:13:15 INFO  BlogDao:74 - getBlogListByUser : Fetched 1 blogs for user : test12
2014-11-16 17:13:17 INFO  BlogDao:68 - getBlogListByUser : Getting Blog List for user : test12
2014-11-16 17:13:17 INFO  BlogDao:71 - getBlogListByUser : Query created : Query: { "user" : "test12"}, Fields: null, Sort: null
2014-11-16 17:13:17 INFO  BlogDao:74 - getBlogListByUser : Fetched 1 blogs for user : test12
2014-11-16 17:13:18 INFO  BlogDao:84 - getUserList : Fetched 5 users : [ "kodomful" , "paneerm" , "rinig" , "test10" , "test12"]
2014-11-16 17:13:18 INFO  BlogService:42 - getAllUsers : Got 5 users : [ "kodomful" , "paneerm" , "rinig" , "test10" , "test12"]
2014-11-16 17:13:33 INFO  UserController:47 - In showLoginPage function
